Starting a Gradle Daemon, 1 busy and 15 stopped Daemons could not be reused, use --status for details
> Task :app:clean
> Task :app:preBuild UP-TO-DATE
> Task :app:preDebugBuild UP-TO-DATE
> Task :app:mergeDebugNativeDebugMetadata NO-SOURCE
> Task :app:checkKotlinGradlePluginConfigurationErrors SKIPPED
> Task :app:generateDebugBuildConfig
> Task :app:checkDebugAarMetadata
> Task :app:processDebugNavigationResources
> Task :app:generateDebugResValues
> Task :app:compileDebugNavigationResources
> Task :app:injectCrashlyticsMappingFileIdDebug
> Task :app:processDebugGoogleServices
> Task :app:mapDebugSourceSetPaths
> Task :app:generateDebugResources
> Task :app:packageDebugResources
> Task :app:createDebugCompatibleScreenManifests
> Task :app:extractDeepLinksDebug
> Task :app:parseDebugLocalResources
> Task :app:processDebugMainManifest
> Task :app:processDebugManifest
> Task :app:javaPreCompileDebug
> Task :app:mergeDebugShaders
> Task :app:compileDebugShaders NO-SOURCE
> Task :app:generateDebugAssets UP-TO-DATE
> Task :app:mergeDebugResources
> Task :app:mergeDebugAssets
> Task :app:desugarDebugFileDependencies
> Task :app:compressDebugAssets
> Task :app:mergeDebugJniLibFolders
> Task :app:validateSigningDebug
> Task :app:writeDebugAppMetadata
> Task :app:mergeDebugNativeLibs
> Task :app:writeDebugSigningConfigVersions
> Task :app:checkDebugDuplicateClasses

> Task :app:stripDebugDebugSymbols
Unable to strip the following libraries, packaging them as they are: libandroidx.graphics.path.so, libdatastore_shared_counter.so. Run with --info option to learn more.

> Task :app:processDebugManifestForPackage
> Task :app:mergeLibDexDebug
> Task :app:processDebugResources
> Task :app:mergeExtDexDebug
> Task :app:compileDebugKotlin
w: file:///E:/Cursor%20Play%20ground/PVC-Perseverance/app/src/main/java/com/perseverance/pvc/data/StudyRepository.kt:139:51 Condition is always 'true'.
w: file:///E:/Cursor%20Play%20ground/PVC-Perseverance/app/src/main/java/com/perseverance/pvc/data/StudyRepository.kt:227:51 Condition is always 'true'.
w: file:///E:/Cursor%20Play%20ground/PVC-Perseverance/app/src/main/java/com/perseverance/pvc/data/StudyRepository.kt:312:51 Condition is always 'true'.
w: file:///E:/Cursor%20Play%20ground/PVC-Perseverance/app/src/main/java/com/perseverance/pvc/data/repository/AuthRepository.kt:5:8 'class GoogleSignIn : Any' is deprecated. Deprecated in Java.
w: file:///E:/Cursor%20Play%20ground/PVC-Perseverance/app/src/main/java/com/perseverance/pvc/data/repository/AuthRepository.kt:6:8 'class GoogleSignInOptions : AbstractSafeParcelable, Api.ApiOptions.Optional, ReflectedParcelable' is deprecated. Deprecated in Java.
w: file:///E:/Cursor%20Play%20ground/PVC-Perseverance/app/src/main/java/com/perseverance/pvc/data/repository/AuthRepository.kt:79:19 'class GoogleSignInOptions : AbstractSafeParcelable, Api.ApiOptions.Optional, ReflectedParcelable' is deprecated. Deprecated in Java.
w: file:///E:/Cursor%20Play%20ground/PVC-Perseverance/app/src/main/java/com/perseverance/pvc/data/repository/AuthRepository.kt:79:47 'class GoogleSignInOptions : AbstractSafeParcelable, Api.ApiOptions.Optional, ReflectedParcelable' is deprecated. Deprecated in Java.
w: file:///E:/Cursor%20Play%20ground/PVC-Perseverance/app/src/main/java/com/perseverance/pvc/data/repository/AuthRepository.kt:84:34 'class GoogleSignIn : Any' is deprecated. Deprecated in Java.
w: file:///E:/Cursor%20Play%20ground/PVC-Perseverance/app/src/main/java/com/perseverance/pvc/data/repository/AuthRepository.kt:92:28 'class GoogleSignIn : Any' is deprecated. Deprecated in Java.
w: file:///E:/Cursor%20Play%20ground/PVC-Perseverance/app/src/main/java/com/perseverance/pvc/data/repository/AuthRepository.kt:127:27 'class GoogleSignInOptions : AbstractSafeParcelable, Api.ApiOptions.Optional, ReflectedParcelable' is deprecated. Deprecated in Java.
w: file:///E:/Cursor%20Play%20ground/PVC-Perseverance/app/src/main/java/com/perseverance/pvc/data/repository/AuthRepository.kt:127:55 'class GoogleSignInOptions : AbstractSafeParcelable, Api.ApiOptions.Optional, ReflectedParcelable' is deprecated. Deprecated in Java.
w: file:///E:/Cursor%20Play%20ground/PVC-Perseverance/app/src/main/java/com/perseverance/pvc/data/repository/AuthRepository.kt:131:42 'class GoogleSignIn : Any' is deprecated. Deprecated in Java.
w: file:///E:/Cursor%20Play%20ground/PVC-Perseverance/app/src/main/java/com/perseverance/pvc/navigation/NavGraph.kt:15:49 'val Icons.Filled.Login: ImageVector' is deprecated. Use the AutoMirrored version at Icons.AutoMirrored.Filled.Login.
w: file:///E:/Cursor%20Play%20ground/PVC-Perseverance/app/src/main/java/com/perseverance/pvc/ui/components/PeriodInsightsComponents.kt:316:17 'fun LinearProgressIndicator(progress: Float, modifier: Modifier = ..., color: Color = ..., trackColor: Color = ..., strokeCap: StrokeCap = ...): Unit' is deprecated. Use the overload that takes `progress` as a lambda.
w: file:///E:/Cursor%20Play%20ground/PVC-Perseverance/app/src/main/java/com/perseverance/pvc/ui/components/WeeklyInsightsComponents.kt:59:53 'val Icons.Filled.KeyboardArrowLeft: ImageVector' is deprecated. Use the AutoMirrored version at Icons.AutoMirrored.Filled.KeyboardArrowLeft.
w: file:///E:/Cursor%20Play%20ground/PVC-Perseverance/app/src/main/java/com/perseverance/pvc/ui/components/WeeklyInsightsComponents.kt:75:53 'val Icons.Filled.KeyboardArrowRight: ImageVector' is deprecated. Use the AutoMirrored version at Icons.AutoMirrored.Filled.KeyboardArrowRight.
w: file:///E:/Cursor%20Play%20ground/PVC-Perseverance/app/src/main/java/com/perseverance/pvc/ui/screens/DeveloperModeScreen.kt:279:38 'fun Modifier.menuAnchor(): Modifier' is deprecated. Use overload that takes MenuAnchorType and enabled parameters.
w: file:///E:/Cursor%20Play%20ground/PVC-Perseverance/app/src/main/java/com/perseverance/pvc/ui/screens/GroupScreen.kt:46:63 'class GoogleSignIn : Any' is deprecated. Deprecated in Java.
w: file:///E:/Cursor%20Play%20ground/PVC-Perseverance/app/src/main/java/com/perseverance/pvc/ui/screens/Page1Screen.kt:360:53 'val Icons.Filled.KeyboardArrowLeft: ImageVector' is deprecated. Use the AutoMirrored version at Icons.AutoMirrored.Filled.KeyboardArrowLeft.
w: file:///E:/Cursor%20Play%20ground/PVC-Perseverance/app/src/main/java/com/perseverance/pvc/ui/screens/Page1Screen.kt:375:53 'val Icons.Filled.KeyboardArrowRight: ImageVector' is deprecated. Use the AutoMirrored version at Icons.AutoMirrored.Filled.KeyboardArrowRight.
w: file:///E:/Cursor%20Play%20ground/PVC-Perseverance/app/src/main/java/com/perseverance/pvc/utils/GoogleAuthClient.kt:6:8 'class GoogleSignIn : Any' is deprecated. Deprecated in Java.
w: file:///E:/Cursor%20Play%20ground/PVC-Perseverance/app/src/main/java/com/perseverance/pvc/utils/GoogleAuthClient.kt:7:8 'class GoogleSignInAccount : AbstractSafeParcelable, ReflectedParcelable' is deprecated. Deprecated in Java.
w: file:///E:/Cursor%20Play%20ground/PVC-Perseverance/app/src/main/java/com/perseverance/pvc/utils/GoogleAuthClient.kt:8:8 'class GoogleSignInClient : GoogleApi<GoogleSignInOptions!>' is deprecated. Deprecated in Java.
w: file:///E:/Cursor%20Play%20ground/PVC-Perseverance/app/src/main/java/com/perseverance/pvc/utils/GoogleAuthClient.kt:9:8 'class GoogleSignInOptions : AbstractSafeParcelable, Api.ApiOptions.Optional, ReflectedParcelable' is deprecated. Deprecated in Java.
w: file:///E:/Cursor%20Play%20ground/PVC-Perseverance/app/src/main/java/com/perseverance/pvc/utils/GoogleAuthClient.kt:27:42 'class GoogleSignInClient : GoogleApi<GoogleSignInOptions!>' is deprecated. Deprecated in Java.
w: file:///E:/Cursor%20Play%20ground/PVC-Perseverance/app/src/main/java/com/perseverance/pvc/utils/GoogleAuthClient.kt:29:19 'class GoogleSignInOptions : AbstractSafeParcelable, Api.ApiOptions.Optional, ReflectedParcelable' is deprecated. Deprecated in Java.
w: file:///E:/Cursor%20Play%20ground/PVC-Perseverance/app/src/main/java/com/perseverance/pvc/utils/GoogleAuthClient.kt:29:47 'class GoogleSignInOptions : AbstractSafeParcelable, Api.ApiOptions.Optional, ReflectedParcelable' is deprecated. Deprecated in Java.
w: file:///E:/Cursor%20Play%20ground/PVC-Perseverance/app/src/main/java/com/perseverance/pvc/utils/GoogleAuthClient.kt:34:16 'class GoogleSignIn : Any' is deprecated. Deprecated in Java.
w: file:///E:/Cursor%20Play%20ground/PVC-Perseverance/app/src/main/java/com/perseverance/pvc/utils/GoogleAuthClient.kt:54:20 'class GoogleSignIn : Any' is deprecated. Deprecated in Java.

> Task :app:compileDebugJavaWithJavac
> Task :app:processDebugJavaRes
> Task :app:mergeDebugJavaResource
> Task :app:dexBuilderDebug
> Task :app:mergeProjectDexDebug
> Task :app:packageDebug
> Task :app:createDebugApkListingFileRedirect
> Task :app:assembleDebug

BUILD SUCCESSFUL in 1m 26s
41 actionable tasks: 41 executed
